<?xml version="1.0" encoding="UTF-8"?>
<!-- Generated by org.testng.reporters.JUnitReportReporter -->
<testsuite skipped="0" hostname="CISM532" name="TestNgScripts.LoginTest" tests="8" failures="0" timestamp="16 Jul 2019 07:57:41 GMT" time="28.885" errors="0">
  <testcase name="LogPageTS06" time="2.722" classname="TestNgScripts.LoginTest"/>
  <testcase name="LogPageTS08" time="1.929" classname="TestNgScripts.LoginTest"/>
  <testcase name="LogPageTS01" time="1.514" classname="TestNgScripts.LoginTest"/>
  <testcase name="LogPageTS07" time="3.401" classname="TestNgScripts.LoginTest"/>
  <testcase name="LogPageTS05" time="1.906" classname="TestNgScripts.LoginTest"/>
  <testcase name="LogPageTS09" time="10.687" classname="TestNgScripts.LoginTest"/>
  <testcase name="LogPageTS02" time="2.160" classname="TestNgScripts.LoginTest"/>
  <testcase name="LogPageTS03" time="4.566" classname="TestNgScripts.LoginTest"/>
</testsuite> <!-- TestNgScripts.LoginTest -->
