<?xml version="1.0" encoding="UTF-8"?>
<!-- Generated by org.testng.reporters.JUnitReportReporter -->
<testsuite skipped="0" hostname="CISM532" name="TestNgScripts.QuickQuotes" tests="1" failures="0" timestamp="09 Jan 2020 10:15:42 GMT" time="50.691" errors="0">
  <testcase name="VerfiySimpleQuote" time="50.691" classname="TestNgScripts.QuickQuotes"/>
</testsuite> <!-- TestNgScripts.QuickQuotes -->
