<?xml version="1.0" encoding="UTF-8"?>
<!-- Generated by org.testng.reporters.JUnitReportReporter -->
<testsuite skipped="0" hostname="CISM532" name="TestNgScripts.QuickQuotes" tests="2" failures="0" timestamp="09 Jan 2020 11:14:04 GMT" time="33.042" errors="0">
  <testcase name="QQByName" time="16.729" classname="TestNgScripts.QuickQuotes"/>
  <testcase name="VerifymsgonEventname" time="16.313" classname="TestNgScripts.QuickQuotes"/>
</testsuite> <!-- TestNgScripts.QuickQuotes -->
