<?xml version="1.0" encoding="UTF-8"?>
<!-- Generated by org.testng.reporters.JUnitReportReporter -->
<testsuite skipped="0" hostname="CISM532" name="TestNgScripts.QuickQuotes" tests="1" failures="0" timestamp="05 Nov 2019 13:29:56 GMT" time="47.885" errors="0">
  <testcase name="VerfiySummaryPage" time="47.885" classname="TestNgScripts.QuickQuotes"/>
</testsuite> <!-- TestNgScripts.QuickQuotes -->
